[0.287s] DEBUG:colcon:Command line arguments: ['/usr/bin/colcon', 'build']
[0.287s] DEBUG:colcon:Parsed command line arguments: Namespace(log_base=None, log_level=None, verb_name='build', build_base='build', install_base='install', merge_install=False, symlink_install=False, test_result_base=None, continue_on_error=False, executor='parallel', parallel_workers=16, event_handlers=None, ignore_user_meta=False, metas=['./colcon.meta'], base_paths=['.'], packages_ignore=None, packages_ignore_regex=None, paths=None, packages_up_to=None, packages_up_to_regex=None, packages_above=None, packages_above_and_dependencies=None, packages_above_depth=None, packages_select_by_dep=None, packages_skip_by_dep=None, packages_skip_up_to=None, packages_select_build_failed=False, packages_skip_build_finished=False, packages_select_test_failures=False, packages_skip_test_passed=False, packages_select=None, packages_skip=None, packages_select_regex=None, packages_skip_regex=None, packages_start=None, packages_end=None, allow_overriding=[], cargo_args=None, clean_build=False, cmake_args=None, cmake_target=None, cmake_target_skip_unavailable=False, cmake_clean_cache=False, cmake_clean_first=False, cmake_force_configure=False, lookup_in_workspace=False, ament_cmake_args=None, catkin_cmake_args=None, catkin_skip_building_tests=False, mixin_files=None, mixin=None, verb_parser=<colcon_mixin.mixin.mixin_argument.MixinArgumentDecorator object at 0x77d3aa02a3c0>, verb_extension=<colcon_core.verb.build.BuildVerb object at 0x77d3aa142c30>, main=<bound method BuildVerb.main of <colcon_core.verb.build.BuildVerb object at 0x77d3aa142c30>>, mixin_verb=('build',))
[0.372s] Level 1:colcon.colcon_core.package_discovery:discover_packages(colcon_meta) check parameters
[0.373s] Level 1:colcon.colcon_core.package_discovery:discover_packages(recursive) check parameters
[0.373s] Level 1:colcon.colcon_core.package_discovery:discover_packages(ignore) check parameters
[0.373s] Level 1:colcon.colcon_core.package_discovery:discover_packages(path) check parameters
[0.373s] Level 1:colcon.colcon_core.package_discovery:discover_packages(colcon_meta) discover
[0.373s] Level 1:colcon.colcon_core.package_discovery:discover_packages(recursive) discover
[0.373s] INFO:colcon.colcon_core.package_discovery:Crawling recursively for packages in '/home/surabhi/scout'
[0.373s] Level 1:colcon.colcon_core.package_identification:_identify(.) by extensions ['ignore', 'ignore_ament_install']
[0.373s] Level 1:colcon.colcon_core.package_identification:_identify(.) by extension 'ignore'
[0.373s] Level 1:colcon.colcon_core.package_identification:_identify(.) by extension 'ignore_ament_install'
[0.373s] Level 1:colcon.colcon_core.package_identification:_identify(.) by extensions ['colcon_pkg']
[0.373s] Level 1:colcon.colcon_core.package_identification:_identify(.) by extension 'colcon_pkg'
[0.373s] Level 1:colcon.colcon_core.package_identification:_identify(.) by extensions ['colcon_meta']
[0.373s] Level 1:colcon.colcon_core.package_identification:_identify(.) by extension 'colcon_meta'
[0.373s] Level 1:colcon.colcon_core.package_identification:_identify(.) by extensions ['ros']
[0.373s] Level 1:colcon.colcon_core.package_identification:_identify(.) by extension 'ros'
[0.415s] Level 1:colcon.colcon_core.package_identification:_identify(.) by extensions ['cargo', 'cmake', 'python']
[0.415s] Level 1:colcon.colcon_core.package_identification:_identify(.) by extension 'cargo'
[0.415s] Level 1:colcon.colcon_core.package_identification:_identify(.) by extension 'cmake'
[0.415s] Level 1:colcon.colcon_core.package_identification:_identify(.) by extension 'python'
[0.415s] Level 1:colcon.colcon_core.package_identification:_identify(.) by extensions ['python_setup_py']
[0.415s] Level 1:colcon.colcon_core.package_identification:_identify(.) by extension 'python_setup_py'
[0.415s] Level 1:colcon.colcon_core.package_identification:_identify(build) by extensions ['ignore', 'ignore_ament_install']
[0.415s] Level 1:colcon.colcon_core.package_identification:_identify(build) by extension 'ignore'
[0.415s] Level 1:colcon.colcon_core.package_identification:_identify(build) ignored
[0.415s] Level 1:colcon.colcon_core.package_identification:_identify(install) by extensions ['ignore', 'ignore_ament_install']
[0.416s] Level 1:colcon.colcon_core.package_identification:_identify(install) by extension 'ignore'
[0.416s] Level 1:colcon.colcon_core.package_identification:_identify(install) ignored
[0.416s] Level 1:colcon.colcon_core.package_identification:_identify(log) by extensions ['ignore', 'ignore_ament_install']
[0.416s] Level 1:colcon.colcon_core.package_identification:_identify(log) by extension 'ignore'
[0.416s] Level 1:colcon.colcon_core.package_identification:_identify(log) ignored
[0.416s] Level 1:colcon.colcon_core.package_identification:_identify(src) by extensions ['ignore', 'ignore_ament_install']
[0.416s] Level 1:colcon.colcon_core.package_identification:_identify(src) by extension 'ignore'
[0.416s] Level 1:colcon.colcon_core.package_identification:_identify(src) by extension 'ignore_ament_install'
[0.416s] Level 1:colcon.colcon_core.package_identification:_identify(src) by extensions ['colcon_pkg']
[0.416s] Level 1:colcon.colcon_core.package_identification:_identify(src) by extension 'colcon_pkg'
[0.416s] Level 1:colcon.colcon_core.package_identification:_identify(src) by extensions ['colcon_meta']
[0.416s] Level 1:colcon.colcon_core.package_identification:_identify(src) by extension 'colcon_meta'
[0.416s] Level 1:colcon.colcon_core.package_identification:_identify(src) by extensions ['ros']
[0.416s] Level 1:colcon.colcon_core.package_identification:_identify(src) by extension 'ros'
[0.416s] Level 1:colcon.colcon_core.package_identification:_identify(src) by extensions ['cargo', 'cmake', 'python']
[0.416s] Level 1:colcon.colcon_core.package_identification:_identify(src) by extension 'cargo'
[0.416s] Level 1:colcon.colcon_core.package_identification:_identify(src) by extension 'cmake'
[0.416s] Level 1:colcon.colcon_core.package_identification:_identify(src) by extension 'python'
[0.416s] Level 1:colcon.colcon_core.package_identification:_identify(src) by extensions ['python_setup_py']
[0.416s] Level 1:colcon.colcon_core.package_identification:_identify(src) by extension 'python_setup_py'
[0.416s] Level 1:colcon.colcon_core.package_identification:_identify(src/scout_desc) by extensions ['ignore', 'ignore_ament_install']
[0.417s] Level 1:colcon.colcon_core.package_identification:_identify(src/scout_desc) by extension 'ignore'
[0.417s] Level 1:colcon.colcon_core.package_identification:_identify(src/scout_desc) by extension 'ignore_ament_install'
[0.417s] Level 1:colcon.colcon_core.package_identification:_identify(src/scout_desc) by extensions ['colcon_pkg']
[0.417s] Level 1:colcon.colcon_core.package_identification:_identify(src/scout_desc) by extension 'colcon_pkg'
[0.417s] Level 1:colcon.colcon_core.package_identification:_identify(src/scout_desc) by extensions ['colcon_meta']
[0.417s] Level 1:colcon.colcon_core.package_identification:_identify(src/scout_desc) by extension 'colcon_meta'
[0.417s] Level 1:colcon.colcon_core.package_identification:_identify(src/scout_desc) by extensions ['ros']
[0.417s] Level 1:colcon.colcon_core.package_identification:_identify(src/scout_desc) by extension 'ros'
[0.420s] DEBUG:colcon.colcon_core.package_identification:Package 'src/scout_desc' with type 'ros.ament_cmake' and name 'scout_desc'
[0.420s] Level 1:colcon.colcon_core.package_discovery:discover_packages(recursive) using defaults
[0.420s] Level 1:colcon.colcon_core.package_discovery:discover_packages(ignore) discover
[0.420s] Level 1:colcon.colcon_core.package_discovery:discover_packages(ignore) using defaults
[0.420s] Level 1:colcon.colcon_core.package_discovery:discover_packages(path) discover
[0.420s] Level 1:colcon.colcon_core.package_discovery:discover_packages(path) using defaults
[0.493s] Level 1:colcon.colcon_core.package_discovery:discover_packages(prefix_path) check parameters
[0.493s] Level 1:colcon.colcon_core.package_discovery:discover_packages(prefix_path) discover
[0.511s] DEBUG:colcon.colcon_installed_package_information.package_discovery:Found 1 installed packages in /home/surabhi/gripper/install
[0.512s] DEBUG:colcon.colcon_installed_package_information.package_discovery:Found 3 installed packages in /home/surabhi/ros2_ws/install
[0.512s] DEBUG:colcon.colcon_installed_package_information.package_discovery:Found 2 installed packages in /home/surabhi/Record-And-Replay-Robot-Arm/install
[0.512s] DEBUG:colcon.colcon_installed_package_information.package_discovery:Found 1 installed packages in /home/surabhi/scout/install
[0.513s] DEBUG:colcon.colcon_installed_package_information.package_discovery:Found 3 installed packages in /home/surabhi/UR10e-3D-Vision-Guided-Bin-Picking/install
[0.525s] DEBUG:colcon.colcon_installed_package_information.package_discovery:Found 364 installed packages in /home/surabhi/ros2_jazzy/install
[0.529s] DEBUG:colcon.colcon_installed_package_information.package_discovery:Found 324 installed packages in /opt/ros/jazzy
[0.540s] Level 1:colcon.colcon_core.package_discovery:discover_packages(prefix_path) using defaults
[0.624s] Level 5:colcon.colcon_core.verb:set package 'scout_desc' build argument 'cargo_args' from command line to 'None'
[0.624s] Level 5:colcon.colcon_core.verb:set package 'scout_desc' build argument 'clean_build' from command line to 'False'
[0.624s] Level 5:colcon.colcon_core.verb:set package 'scout_desc' build argument 'cmake_args' from command line to 'None'
[0.624s] Level 5:colcon.colcon_core.verb:set package 'scout_desc' build argument 'cmake_target' from command line to 'None'
[0.624s] Level 5:colcon.colcon_core.verb:set package 'scout_desc' build argument 'cmake_target_skip_unavailable' from command line to 'False'
[0.624s] Level 5:colcon.colcon_core.verb:set package 'scout_desc' build argument 'cmake_clean_cache' from command line to 'False'
[0.624s] Level 5:colcon.colcon_core.verb:set package 'scout_desc' build argument 'cmake_clean_first' from command line to 'False'
[0.624s] Level 5:colcon.colcon_core.verb:set package 'scout_desc' build argument 'cmake_force_configure' from command line to 'False'
[0.624s] Level 5:colcon.colcon_core.verb:set package 'scout_desc' build argument 'lookup_in_workspace' from command line to 'False'
[0.624s] Level 5:colcon.colcon_core.verb:set package 'scout_desc' build argument 'ament_cmake_args' from command line to 'None'
[0.624s] Level 5:colcon.colcon_core.verb:set package 'scout_desc' build argument 'catkin_cmake_args' from command line to 'None'
[0.624s] Level 5:colcon.colcon_core.verb:set package 'scout_desc' build argument 'catkin_skip_building_tests' from command line to 'False'
[0.624s] DEBUG:colcon.colcon_core.verb:Building package 'scout_desc' with the following arguments: {'ament_cmake_args': None, 'build_base': '/home/surabhi/scout/build/scout_desc', 'cargo_args': None, 'catkin_cmake_args': None, 'catkin_skip_building_tests': False, 'clean_build': False, 'cmake_args': None, 'cmake_clean_cache': False, 'cmake_clean_first': False, 'cmake_force_configure': False, 'cmake_target': None, 'cmake_target_skip_unavailable': False, 'install_base': '/home/surabhi/scout/install/scout_desc', 'lookup_in_workspace': False, 'merge_install': False, 'path': '/home/surabhi/scout/src/scout_desc', 'symlink_install': False, 'test_result_base': None}
[0.624s] INFO:colcon.colcon_core.executor:Executing jobs using 'parallel' executor
[0.626s] DEBUG:colcon.colcon_parallel_executor.executor.parallel:run_until_complete
[0.626s] INFO:colcon.colcon_ros.task.ament_cmake.build:Building ROS package in '/home/surabhi/scout/src/scout_desc' with build type 'ament_cmake'
[0.626s] INFO:colcon.colcon_cmake.task.cmake.build:Building CMake package in '/home/surabhi/scout/src/scout_desc'
[0.635s] INFO:colcon.colcon_core.plugin_system:Skipping extension 'colcon_core.shell.bat': Not used on non-Windows systems
[0.636s] INFO:colcon.colcon_core.shell:Skip shell extension 'powershell' for command environment: Not usable outside of PowerShell
[0.636s] DEBUG:colcon.colcon_core.shell:Skip shell extension 'dsv' for command environment
[0.687s] DEBUG:colcon.colcon_core.event_handler.log_command:Invoking command in '/home/surabhi/scout/build/scout_desc': CMAKE_PREFIX_PATH=${CMAKE_PREFIX_PATH}:/home/surabhi/ros2_ws/install/bme_ros2_tutorials_py:/home/surabhi/Record-And-Replay-Robot-Arm/install/teleoperation:/home/surabhi/Record-And-Replay-Robot-Arm/install/record_and_playback:/home/surabhi/ros2_jazzy/install/rqt_bag_plugins:/home/surabhi/ros2_jazzy/install/rqt_bag:/home/surabhi/ros2_jazzy/install/rosbag2_examples_py:/home/surabhi/ros2_jazzy/install/launch_testing_examples:/home/surabhi/ros2_jazzy/install/ros2bag:/home/surabhi/ros2_jazzy/install/tracetools_test:/home/surabhi/ros2_jazzy/install/tracetools_launch:/home/surabhi/ros2_jazzy/install/topic_monitor:/home/surabhi/ros2_jazzy/install/tf2_tools:/home/surabhi/ros2_jazzy/install/examples_tf2_py:/home/surabhi/ros2_jazzy/install/tf2_ros_py:/home/surabhi/ros2_jazzy/install/examples_rclpy_pointcloud_publisher:/home/surabhi/ros2_jazzy/install/sensor_msgs_py:/home/surabhi/ros2_jazzy/install/quality_of_service_demo_py:/home/surabhi/ros2_jazzy/install/camera_info_manager_py:/home/surabhi/ros2_jazzy/install/rqt_plot:/home/surabhi/ros2_jazzy/install/ros2doctor:/home/surabhi/ros2_jazzy/install/lifecycle_py:/home/surabhi/ros2_jazzy/install/examples_rclpy_minimal_subscriber:/home/surabhi/ros2_jazzy/install/examples_rclpy_minimal_service:/home/surabhi/ros2_jazzy/install/examples_rclpy_minimal_publisher:/home/surabhi/ros2_jazzy/install/examples_rclpy_minimal_client:/home/surabhi/ros2_jazzy/install/examples_rclpy_executors:/home/surabhi/ros2_jazzy/install/demo_nodes_py:/home/surabhi/ros2_jazzy/install/rqt:/home/surabhi/ros2_jazzy/install/ros2component:/home/surabhi/ros2_jazzy/install/sros2:/home/surabhi/ros2_jazzy/install/rqt_topic:/home/surabhi/ros2_jazzy/install/rqt_srv:/home/surabhi/ros2_jazzy/install/rqt_shell:/home/surabhi/ros2_jazzy/install/rqt_service_caller:/home/surabhi/ros2_jazzy/install/rqt_reconfigure:/home/surabhi/ros2_jazzy/install/rqt_py_console:/home/surabhi/ros2_jazzy/install/rqt_publisher:/home/surabhi/ros2_jazzy/install/rqt_action:/home/surabhi/ros2_jazzy/install/rqt_msg:/home/surabhi/ros2_jazzy/install/rqt_console:/home/surabhi/ros2_jazzy/install/rqt_graph:/home/surabhi/ros2_jazzy/install/rqt_gui_py:/home/surabhi/ros2_jazzy/install/rqt_gui:/home/surabhi/ros2_jazzy/install/ros2trace:/home/surabhi/ros2_jazzy/install/ros2topic:/home/surabhi/ros2_jazzy/install/ros2test:/home/surabhi/ros2_jazzy/install/ros2param:/home/surabhi/ros2_jazzy/install/ros2lifecycle:/home/surabhi/ros2_jazzy/install/ros2service:/home/surabhi/ros2_jazzy/install/ros2run:/home/surabhi/ros2_jazzy/install/ros2launch:/home/surabhi/ros2_jazzy/install/ros2pkg:/home/surabhi/ros2_jazzy/install/ros2node:/home/surabhi/ros2_jazzy/install/ros2multicast:/home/surabhi/ros2_jazzy/install/ros2interface:/home/surabhi/ros2_jazzy/install/ros2action:/home/surabhi/ros2_jazzy/install/ros2cli:/home/surabhi/ros2_jazzy/install/launch_testing_ros:/home/surabhi/ros2_jazzy/install/launch_ros:/home/surabhi/ros2_jazzy/install/examples_rclpy_minimal_action_server:/home/surabhi/ros2_jazzy/install/examples_rclpy_minimal_action_client:/home/surabhi/ros2_jazzy/install/examples_rclpy_guard_conditions:/home/surabhi/ros2_jazzy/install/action_tutorials_py:/home/surabhi/ros2_jazzy/install/ament_uncrustify:/home/surabhi/ros2_jazzy/install/tracetools_trace:/home/surabhi/ros2_jazzy/install/tracetools_read:/home/surabhi/ros2_jazzy/install/test_tracetools_launch:/home/surabhi/ros2_jazzy/install/test_ros2trace:/home/surabhi/ros2_jazzy/install/test_launch_ros:/home/surabhi/ros2_jazzy/install/rpyutils:/home/surabhi/ros2_jazzy/install/rosidl_runtime_py:/home/surabhi/ros2_jazzy/install/rosidl_pycommon:/home/surabhi/ros2_jazzy/install/rosidl_cli:/home/surabhi/ros2_jazzy/install/launch_pytest:/home/surabhi/ros2_jazzy/install/launch_testing:/home/surabhi/ros2_jazzy/install/launch_yaml:/home/surabhi/ros2_jazzy/install/launch_xml:/home/surabhi/ros2_jazzy/install/launch:/home/surabhi/ros2_jazzy/install/osrf_pycommon:/home/surabhi/ros2_jazzy/install/domain_coordinator:/home/surabhi/ros2_jazzy/install/ament_xmllint:/home/surabhi/ros2_jazzy/install/ament_pyflakes:/home/surabhi/ros2_jazzy/install/ament_pycodestyle:/home/surabhi/ros2_jazzy/install/ament_pep257:/home/surabhi/ros2_jazzy/install/ament_pclint:/home/surabhi/ros2_jazzy/install/ament_package:/home/surabhi/ros2_jazzy/install/ament_mypy:/home/surabhi/ros2_jazzy/install/ament_lint_cmake:/home/surabhi/ros2_jazzy/install/ament_flake8:/home/surabhi/ros2_jazzy/install/ament_copyright:/home/surabhi/ros2_jazzy/install/ament_lint:/home/surabhi/ros2_jazzy/install/ament_index_python:/home/surabhi/ros2_jazzy/install/ament_cpplint:/home/surabhi/ros2_jazzy/install/ament_cppcheck:/home/surabhi/ros2_jazzy/install/ament_clang_tidy:/home/surabhi/ros2_jazzy/install/ament_clang_format:/opt/ros/jazzy DEBUGINFOD_URLS=https://debuginfod.ubuntu.com /usr/bin/cmake --build /home/surabhi/scout/build/scout_desc -- -j16 -l16
[0.858s] DEBUG:colcon.colcon_core.event_handler.log_command:Invoked command in '/home/surabhi/scout/build/scout_desc' returned '0': CMAKE_PREFIX_PATH=${CMAKE_PREFIX_PATH}:/home/surabhi/ros2_ws/install/bme_ros2_tutorials_py:/home/surabhi/Record-And-Replay-Robot-Arm/install/teleoperation:/home/surabhi/Record-And-Replay-Robot-Arm/install/record_and_playback:/home/surabhi/ros2_jazzy/install/rqt_bag_plugins:/home/surabhi/ros2_jazzy/install/rqt_bag:/home/surabhi/ros2_jazzy/install/rosbag2_examples_py:/home/surabhi/ros2_jazzy/install/launch_testing_examples:/home/surabhi/ros2_jazzy/install/ros2bag:/home/surabhi/ros2_jazzy/install/tracetools_test:/home/surabhi/ros2_jazzy/install/tracetools_launch:/home/surabhi/ros2_jazzy/install/topic_monitor:/home/surabhi/ros2_jazzy/install/tf2_tools:/home/surabhi/ros2_jazzy/install/examples_tf2_py:/home/surabhi/ros2_jazzy/install/tf2_ros_py:/home/surabhi/ros2_jazzy/install/examples_rclpy_pointcloud_publisher:/home/surabhi/ros2_jazzy/install/sensor_msgs_py:/home/surabhi/ros2_jazzy/install/quality_of_service_demo_py:/home/surabhi/ros2_jazzy/install/camera_info_manager_py:/home/surabhi/ros2_jazzy/install/rqt_plot:/home/surabhi/ros2_jazzy/install/ros2doctor:/home/surabhi/ros2_jazzy/install/lifecycle_py:/home/surabhi/ros2_jazzy/install/examples_rclpy_minimal_subscriber:/home/surabhi/ros2_jazzy/install/examples_rclpy_minimal_service:/home/surabhi/ros2_jazzy/install/examples_rclpy_minimal_publisher:/home/surabhi/ros2_jazzy/install/examples_rclpy_minimal_client:/home/surabhi/ros2_jazzy/install/examples_rclpy_executors:/home/surabhi/ros2_jazzy/install/demo_nodes_py:/home/surabhi/ros2_jazzy/install/rqt:/home/surabhi/ros2_jazzy/install/ros2component:/home/surabhi/ros2_jazzy/install/sros2:/home/surabhi/ros2_jazzy/install/rqt_topic:/home/surabhi/ros2_jazzy/install/rqt_srv:/home/surabhi/ros2_jazzy/install/rqt_shell:/home/surabhi/ros2_jazzy/install/rqt_service_caller:/home/surabhi/ros2_jazzy/install/rqt_reconfigure:/home/surabhi/ros2_jazzy/install/rqt_py_console:/home/surabhi/ros2_jazzy/install/rqt_publisher:/home/surabhi/ros2_jazzy/install/rqt_action:/home/surabhi/ros2_jazzy/install/rqt_msg:/home/surabhi/ros2_jazzy/install/rqt_console:/home/surabhi/ros2_jazzy/install/rqt_graph:/home/surabhi/ros2_jazzy/install/rqt_gui_py:/home/surabhi/ros2_jazzy/install/rqt_gui:/home/surabhi/ros2_jazzy/install/ros2trace:/home/surabhi/ros2_jazzy/install/ros2topic:/home/surabhi/ros2_jazzy/install/ros2test:/home/surabhi/ros2_jazzy/install/ros2param:/home/surabhi/ros2_jazzy/install/ros2lifecycle:/home/surabhi/ros2_jazzy/install/ros2service:/home/surabhi/ros2_jazzy/install/ros2run:/home/surabhi/ros2_jazzy/install/ros2launch:/home/surabhi/ros2_jazzy/install/ros2pkg:/home/surabhi/ros2_jazzy/install/ros2node:/home/surabhi/ros2_jazzy/install/ros2multicast:/home/surabhi/ros2_jazzy/install/ros2interface:/home/surabhi/ros2_jazzy/install/ros2action:/home/surabhi/ros2_jazzy/install/ros2cli:/home/surabhi/ros2_jazzy/install/launch_testing_ros:/home/surabhi/ros2_jazzy/install/launch_ros:/home/surabhi/ros2_jazzy/install/examples_rclpy_minimal_action_server:/home/surabhi/ros2_jazzy/install/examples_rclpy_minimal_action_client:/home/surabhi/ros2_jazzy/install/examples_rclpy_guard_conditions:/home/surabhi/ros2_jazzy/install/action_tutorials_py:/home/surabhi/ros2_jazzy/install/ament_uncrustify:/home/surabhi/ros2_jazzy/install/tracetools_trace:/home/surabhi/ros2_jazzy/install/tracetools_read:/home/surabhi/ros2_jazzy/install/test_tracetools_launch:/home/surabhi/ros2_jazzy/install/test_ros2trace:/home/surabhi/ros2_jazzy/install/test_launch_ros:/home/surabhi/ros2_jazzy/install/rpyutils:/home/surabhi/ros2_jazzy/install/rosidl_runtime_py:/home/surabhi/ros2_jazzy/install/rosidl_pycommon:/home/surabhi/ros2_jazzy/install/rosidl_cli:/home/surabhi/ros2_jazzy/install/launch_pytest:/home/surabhi/ros2_jazzy/install/launch_testing:/home/surabhi/ros2_jazzy/install/launch_yaml:/home/surabhi/ros2_jazzy/install/launch_xml:/home/surabhi/ros2_jazzy/install/launch:/home/surabhi/ros2_jazzy/install/osrf_pycommon:/home/surabhi/ros2_jazzy/install/domain_coordinator:/home/surabhi/ros2_jazzy/install/ament_xmllint:/home/surabhi/ros2_jazzy/install/ament_pyflakes:/home/surabhi/ros2_jazzy/install/ament_pycodestyle:/home/surabhi/ros2_jazzy/install/ament_pep257:/home/surabhi/ros2_jazzy/install/ament_pclint:/home/surabhi/ros2_jazzy/install/ament_package:/home/surabhi/ros2_jazzy/install/ament_mypy:/home/surabhi/ros2_jazzy/install/ament_lint_cmake:/home/surabhi/ros2_jazzy/install/ament_flake8:/home/surabhi/ros2_jazzy/install/ament_copyright:/home/surabhi/ros2_jazzy/install/ament_lint:/home/surabhi/ros2_jazzy/install/ament_index_python:/home/surabhi/ros2_jazzy/install/ament_cpplint:/home/surabhi/ros2_jazzy/install/ament_cppcheck:/home/surabhi/ros2_jazzy/install/ament_clang_tidy:/home/surabhi/ros2_jazzy/install/ament_clang_format:/opt/ros/jazzy DEBUGINFOD_URLS=https://debuginfod.ubuntu.com /usr/bin/cmake --build /home/surabhi/scout/build/scout_desc -- -j16 -l16
[0.901s] DEBUG:colcon.colcon_core.event_handler.log_command:Invoking command in '/home/surabhi/scout/build/scout_desc': CMAKE_PREFIX_PATH=${CMAKE_PREFIX_PATH}:/home/surabhi/ros2_ws/install/bme_ros2_tutorials_py:/home/surabhi/Record-And-Replay-Robot-Arm/install/teleoperation:/home/surabhi/Record-And-Replay-Robot-Arm/install/record_and_playback:/home/surabhi/ros2_jazzy/install/rqt_bag_plugins:/home/surabhi/ros2_jazzy/install/rqt_bag:/home/surabhi/ros2_jazzy/install/rosbag2_examples_py:/home/surabhi/ros2_jazzy/install/launch_testing_examples:/home/surabhi/ros2_jazzy/install/ros2bag:/home/surabhi/ros2_jazzy/install/tracetools_test:/home/surabhi/ros2_jazzy/install/tracetools_launch:/home/surabhi/ros2_jazzy/install/topic_monitor:/home/surabhi/ros2_jazzy/install/tf2_tools:/home/surabhi/ros2_jazzy/install/examples_tf2_py:/home/surabhi/ros2_jazzy/install/tf2_ros_py:/home/surabhi/ros2_jazzy/install/examples_rclpy_pointcloud_publisher:/home/surabhi/ros2_jazzy/install/sensor_msgs_py:/home/surabhi/ros2_jazzy/install/quality_of_service_demo_py:/home/surabhi/ros2_jazzy/install/camera_info_manager_py:/home/surabhi/ros2_jazzy/install/rqt_plot:/home/surabhi/ros2_jazzy/install/ros2doctor:/home/surabhi/ros2_jazzy/install/lifecycle_py:/home/surabhi/ros2_jazzy/install/examples_rclpy_minimal_subscriber:/home/surabhi/ros2_jazzy/install/examples_rclpy_minimal_service:/home/surabhi/ros2_jazzy/install/examples_rclpy_minimal_publisher:/home/surabhi/ros2_jazzy/install/examples_rclpy_minimal_client:/home/surabhi/ros2_jazzy/install/examples_rclpy_executors:/home/surabhi/ros2_jazzy/install/demo_nodes_py:/home/surabhi/ros2_jazzy/install/rqt:/home/surabhi/ros2_jazzy/install/ros2component:/home/surabhi/ros2_jazzy/install/sros2:/home/surabhi/ros2_jazzy/install/rqt_topic:/home/surabhi/ros2_jazzy/install/rqt_srv:/home/surabhi/ros2_jazzy/install/rqt_shell:/home/surabhi/ros2_jazzy/install/rqt_service_caller:/home/surabhi/ros2_jazzy/install/rqt_reconfigure:/home/surabhi/ros2_jazzy/install/rqt_py_console:/home/surabhi/ros2_jazzy/install/rqt_publisher:/home/surabhi/ros2_jazzy/install/rqt_action:/home/surabhi/ros2_jazzy/install/rqt_msg:/home/surabhi/ros2_jazzy/install/rqt_console:/home/surabhi/ros2_jazzy/install/rqt_graph:/home/surabhi/ros2_jazzy/install/rqt_gui_py:/home/surabhi/ros2_jazzy/install/rqt_gui:/home/surabhi/ros2_jazzy/install/ros2trace:/home/surabhi/ros2_jazzy/install/ros2topic:/home/surabhi/ros2_jazzy/install/ros2test:/home/surabhi/ros2_jazzy/install/ros2param:/home/surabhi/ros2_jazzy/install/ros2lifecycle:/home/surabhi/ros2_jazzy/install/ros2service:/home/surabhi/ros2_jazzy/install/ros2run:/home/surabhi/ros2_jazzy/install/ros2launch:/home/surabhi/ros2_jazzy/install/ros2pkg:/home/surabhi/ros2_jazzy/install/ros2node:/home/surabhi/ros2_jazzy/install/ros2multicast:/home/surabhi/ros2_jazzy/install/ros2interface:/home/surabhi/ros2_jazzy/install/ros2action:/home/surabhi/ros2_jazzy/install/ros2cli:/home/surabhi/ros2_jazzy/install/launch_testing_ros:/home/surabhi/ros2_jazzy/install/launch_ros:/home/surabhi/ros2_jazzy/install/examples_rclpy_minimal_action_server:/home/surabhi/ros2_jazzy/install/examples_rclpy_minimal_action_client:/home/surabhi/ros2_jazzy/install/examples_rclpy_guard_conditions:/home/surabhi/ros2_jazzy/install/action_tutorials_py:/home/surabhi/ros2_jazzy/install/ament_uncrustify:/home/surabhi/ros2_jazzy/install/tracetools_trace:/home/surabhi/ros2_jazzy/install/tracetools_read:/home/surabhi/ros2_jazzy/install/test_tracetools_launch:/home/surabhi/ros2_jazzy/install/test_ros2trace:/home/surabhi/ros2_jazzy/install/test_launch_ros:/home/surabhi/ros2_jazzy/install/rpyutils:/home/surabhi/ros2_jazzy/install/rosidl_runtime_py:/home/surabhi/ros2_jazzy/install/rosidl_pycommon:/home/surabhi/ros2_jazzy/install/rosidl_cli:/home/surabhi/ros2_jazzy/install/launch_pytest:/home/surabhi/ros2_jazzy/install/launch_testing:/home/surabhi/ros2_jazzy/install/launch_yaml:/home/surabhi/ros2_jazzy/install/launch_xml:/home/surabhi/ros2_jazzy/install/launch:/home/surabhi/ros2_jazzy/install/osrf_pycommon:/home/surabhi/ros2_jazzy/install/domain_coordinator:/home/surabhi/ros2_jazzy/install/ament_xmllint:/home/surabhi/ros2_jazzy/install/ament_pyflakes:/home/surabhi/ros2_jazzy/install/ament_pycodestyle:/home/surabhi/ros2_jazzy/install/ament_pep257:/home/surabhi/ros2_jazzy/install/ament_pclint:/home/surabhi/ros2_jazzy/install/ament_package:/home/surabhi/ros2_jazzy/install/ament_mypy:/home/surabhi/ros2_jazzy/install/ament_lint_cmake:/home/surabhi/ros2_jazzy/install/ament_flake8:/home/surabhi/ros2_jazzy/install/ament_copyright:/home/surabhi/ros2_jazzy/install/ament_lint:/home/surabhi/ros2_jazzy/install/ament_index_python:/home/surabhi/ros2_jazzy/install/ament_cpplint:/home/surabhi/ros2_jazzy/install/ament_cppcheck:/home/surabhi/ros2_jazzy/install/ament_clang_tidy:/home/surabhi/ros2_jazzy/install/ament_clang_format:/opt/ros/jazzy DEBUGINFOD_URLS=https://debuginfod.ubuntu.com /usr/bin/cmake --install /home/surabhi/scout/build/scout_desc
[0.940s] Level 1:colcon.colcon_core.environment:create_environment_scripts_only(scout_desc)
[0.941s] DEBUG:colcon.colcon_core.event_handler.log_command:Invoked command in '/home/surabhi/scout/build/scout_desc' returned '0': CMAKE_PREFIX_PATH=${CMAKE_PREFIX_PATH}:/home/surabhi/ros2_ws/install/bme_ros2_tutorials_py:/home/surabhi/Record-And-Replay-Robot-Arm/install/teleoperation:/home/surabhi/Record-And-Replay-Robot-Arm/install/record_and_playback:/home/surabhi/ros2_jazzy/install/rqt_bag_plugins:/home/surabhi/ros2_jazzy/install/rqt_bag:/home/surabhi/ros2_jazzy/install/rosbag2_examples_py:/home/surabhi/ros2_jazzy/install/launch_testing_examples:/home/surabhi/ros2_jazzy/install/ros2bag:/home/surabhi/ros2_jazzy/install/tracetools_test:/home/surabhi/ros2_jazzy/install/tracetools_launch:/home/surabhi/ros2_jazzy/install/topic_monitor:/home/surabhi/ros2_jazzy/install/tf2_tools:/home/surabhi/ros2_jazzy/install/examples_tf2_py:/home/surabhi/ros2_jazzy/install/tf2_ros_py:/home/surabhi/ros2_jazzy/install/examples_rclpy_pointcloud_publisher:/home/surabhi/ros2_jazzy/install/sensor_msgs_py:/home/surabhi/ros2_jazzy/install/quality_of_service_demo_py:/home/surabhi/ros2_jazzy/install/camera_info_manager_py:/home/surabhi/ros2_jazzy/install/rqt_plot:/home/surabhi/ros2_jazzy/install/ros2doctor:/home/surabhi/ros2_jazzy/install/lifecycle_py:/home/surabhi/ros2_jazzy/install/examples_rclpy_minimal_subscriber:/home/surabhi/ros2_jazzy/install/examples_rclpy_minimal_service:/home/surabhi/ros2_jazzy/install/examples_rclpy_minimal_publisher:/home/surabhi/ros2_jazzy/install/examples_rclpy_minimal_client:/home/surabhi/ros2_jazzy/install/examples_rclpy_executors:/home/surabhi/ros2_jazzy/install/demo_nodes_py:/home/surabhi/ros2_jazzy/install/rqt:/home/surabhi/ros2_jazzy/install/ros2component:/home/surabhi/ros2_jazzy/install/sros2:/home/surabhi/ros2_jazzy/install/rqt_topic:/home/surabhi/ros2_jazzy/install/rqt_srv:/home/surabhi/ros2_jazzy/install/rqt_shell:/home/surabhi/ros2_jazzy/install/rqt_service_caller:/home/surabhi/ros2_jazzy/install/rqt_reconfigure:/home/surabhi/ros2_jazzy/install/rqt_py_console:/home/surabhi/ros2_jazzy/install/rqt_publisher:/home/surabhi/ros2_jazzy/install/rqt_action:/home/surabhi/ros2_jazzy/install/rqt_msg:/home/surabhi/ros2_jazzy/install/rqt_console:/home/surabhi/ros2_jazzy/install/rqt_graph:/home/surabhi/ros2_jazzy/install/rqt_gui_py:/home/surabhi/ros2_jazzy/install/rqt_gui:/home/surabhi/ros2_jazzy/install/ros2trace:/home/surabhi/ros2_jazzy/install/ros2topic:/home/surabhi/ros2_jazzy/install/ros2test:/home/surabhi/ros2_jazzy/install/ros2param:/home/surabhi/ros2_jazzy/install/ros2lifecycle:/home/surabhi/ros2_jazzy/install/ros2service:/home/surabhi/ros2_jazzy/install/ros2run:/home/surabhi/ros2_jazzy/install/ros2launch:/home/surabhi/ros2_jazzy/install/ros2pkg:/home/surabhi/ros2_jazzy/install/ros2node:/home/surabhi/ros2_jazzy/install/ros2multicast:/home/surabhi/ros2_jazzy/install/ros2interface:/home/surabhi/ros2_jazzy/install/ros2action:/home/surabhi/ros2_jazzy/install/ros2cli:/home/surabhi/ros2_jazzy/install/launch_testing_ros:/home/surabhi/ros2_jazzy/install/launch_ros:/home/surabhi/ros2_jazzy/install/examples_rclpy_minimal_action_server:/home/surabhi/ros2_jazzy/install/examples_rclpy_minimal_action_client:/home/surabhi/ros2_jazzy/install/examples_rclpy_guard_conditions:/home/surabhi/ros2_jazzy/install/action_tutorials_py:/home/surabhi/ros2_jazzy/install/ament_uncrustify:/home/surabhi/ros2_jazzy/install/tracetools_trace:/home/surabhi/ros2_jazzy/install/tracetools_read:/home/surabhi/ros2_jazzy/install/test_tracetools_launch:/home/surabhi/ros2_jazzy/install/test_ros2trace:/home/surabhi/ros2_jazzy/install/test_launch_ros:/home/surabhi/ros2_jazzy/install/rpyutils:/home/surabhi/ros2_jazzy/install/rosidl_runtime_py:/home/surabhi/ros2_jazzy/install/rosidl_pycommon:/home/surabhi/ros2_jazzy/install/rosidl_cli:/home/surabhi/ros2_jazzy/install/launch_pytest:/home/surabhi/ros2_jazzy/install/launch_testing:/home/surabhi/ros2_jazzy/install/launch_yaml:/home/surabhi/ros2_jazzy/install/launch_xml:/home/surabhi/ros2_jazzy/install/launch:/home/surabhi/ros2_jazzy/install/osrf_pycommon:/home/surabhi/ros2_jazzy/install/domain_coordinator:/home/surabhi/ros2_jazzy/install/ament_xmllint:/home/surabhi/ros2_jazzy/install/ament_pyflakes:/home/surabhi/ros2_jazzy/install/ament_pycodestyle:/home/surabhi/ros2_jazzy/install/ament_pep257:/home/surabhi/ros2_jazzy/install/ament_pclint:/home/surabhi/ros2_jazzy/install/ament_package:/home/surabhi/ros2_jazzy/install/ament_mypy:/home/surabhi/ros2_jazzy/install/ament_lint_cmake:/home/surabhi/ros2_jazzy/install/ament_flake8:/home/surabhi/ros2_jazzy/install/ament_copyright:/home/surabhi/ros2_jazzy/install/ament_lint:/home/surabhi/ros2_jazzy/install/ament_index_python:/home/surabhi/ros2_jazzy/install/ament_cpplint:/home/surabhi/ros2_jazzy/install/ament_cppcheck:/home/surabhi/ros2_jazzy/install/ament_clang_tidy:/home/surabhi/ros2_jazzy/install/ament_clang_format:/opt/ros/jazzy DEBUGINFOD_URLS=https://debuginfod.ubuntu.com /usr/bin/cmake --install /home/surabhi/scout/build/scout_desc
[0.949s] Level 1:colcon.colcon_core.environment:checking '/home/surabhi/scout/install/scout_desc' for CMake module files
[0.950s] Level 1:colcon.colcon_core.environment:checking '/home/surabhi/scout/install/scout_desc' for CMake config files
[0.950s] Level 1:colcon.colcon_core.shell:create_environment_hook('scout_desc', 'cmake_prefix_path')
[0.950s] INFO:colcon.colcon_core.shell:Creating environment hook '/home/surabhi/scout/install/scout_desc/share/scout_desc/hook/cmake_prefix_path.ps1'
[0.951s] INFO:colcon.colcon_core.shell:Creating environment descriptor '/home/surabhi/scout/install/scout_desc/share/scout_desc/hook/cmake_prefix_path.dsv'
[0.952s] INFO:colcon.colcon_core.shell:Creating environment hook '/home/surabhi/scout/install/scout_desc/share/scout_desc/hook/cmake_prefix_path.sh'
[0.953s] Level 1:colcon.colcon_core.environment:checking '/home/surabhi/scout/install/scout_desc/bin'
[0.953s] Level 1:colcon.colcon_core.environment:checking '/home/surabhi/scout/install/scout_desc/lib/pkgconfig/scout_desc.pc'
[0.953s] Level 1:colcon.colcon_core.environment:checking '/home/surabhi/scout/install/scout_desc/lib/python3.12/site-packages'
[0.953s] Level 1:colcon.colcon_core.environment:checking '/home/surabhi/scout/install/scout_desc/bin'
[0.954s] INFO:colcon.colcon_core.shell:Creating package script '/home/surabhi/scout/install/scout_desc/share/scout_desc/package.ps1'
[0.955s] INFO:colcon.colcon_core.shell:Creating package descriptor '/home/surabhi/scout/install/scout_desc/share/scout_desc/package.dsv'
[0.956s] INFO:colcon.colcon_core.shell:Creating package script '/home/surabhi/scout/install/scout_desc/share/scout_desc/package.sh'
[0.957s] INFO:colcon.colcon_core.shell:Creating package script '/home/surabhi/scout/install/scout_desc/share/scout_desc/package.bash'
[0.958s] INFO:colcon.colcon_core.shell:Creating package script '/home/surabhi/scout/install/scout_desc/share/scout_desc/package.zsh'
[0.958s] Level 1:colcon.colcon_core.environment:create_file_with_runtime_dependencies(/home/surabhi/scout/install/scout_desc/share/colcon-core/packages/scout_desc)
[0.959s] Level 1:colcon.colcon_core.environment:create_environment_scripts_only(scout_desc)
[0.959s] Level 1:colcon.colcon_core.environment:checking '/home/surabhi/scout/install/scout_desc' for CMake module files
[0.960s] Level 1:colcon.colcon_core.environment:checking '/home/surabhi/scout/install/scout_desc' for CMake config files
[0.960s] Level 1:colcon.colcon_core.shell:create_environment_hook('scout_desc', 'cmake_prefix_path')
[0.960s] INFO:colcon.colcon_core.shell:Creating environment hook '/home/surabhi/scout/install/scout_desc/share/scout_desc/hook/cmake_prefix_path.ps1'
[0.961s] INFO:colcon.colcon_core.shell:Creating environment descriptor '/home/surabhi/scout/install/scout_desc/share/scout_desc/hook/cmake_prefix_path.dsv'
[0.961s] INFO:colcon.colcon_core.shell:Creating environment hook '/home/surabhi/scout/install/scout_desc/share/scout_desc/hook/cmake_prefix_path.sh'
[0.962s] Level 1:colcon.colcon_core.environment:checking '/home/surabhi/scout/install/scout_desc/bin'
[0.962s] Level 1:colcon.colcon_core.environment:checking '/home/surabhi/scout/install/scout_desc/lib/pkgconfig/scout_desc.pc'
[0.962s] Level 1:colcon.colcon_core.environment:checking '/home/surabhi/scout/install/scout_desc/lib/python3.12/site-packages'
[0.962s] Level 1:colcon.colcon_core.environment:checking '/home/surabhi/scout/install/scout_desc/bin'
[0.963s] INFO:colcon.colcon_core.shell:Creating package script '/home/surabhi/scout/install/scout_desc/share/scout_desc/package.ps1'
[0.963s] INFO:colcon.colcon_core.shell:Creating package descriptor '/home/surabhi/scout/install/scout_desc/share/scout_desc/package.dsv'
[0.964s] INFO:colcon.colcon_core.shell:Creating package script '/home/surabhi/scout/install/scout_desc/share/scout_desc/package.sh'
[0.964s] INFO:colcon.colcon_core.shell:Creating package script '/home/surabhi/scout/install/scout_desc/share/scout_desc/package.bash'
[0.965s] INFO:colcon.colcon_core.shell:Creating package script '/home/surabhi/scout/install/scout_desc/share/scout_desc/package.zsh'
[0.965s] Level 1:colcon.colcon_core.environment:create_file_with_runtime_dependencies(/home/surabhi/scout/install/scout_desc/share/colcon-core/packages/scout_desc)
[0.966s] DEBUG:colcon.colcon_parallel_executor.executor.parallel:closing loop
[0.966s] DEBUG:colcon.colcon_parallel_executor.executor.parallel:loop closed
[0.967s] DEBUG:colcon.colcon_parallel_executor.executor.parallel:run_until_complete finished with '0'
[0.967s] DEBUG:colcon.colcon_core.event_reactor:joining thread
[0.985s] INFO:colcon.colcon_core.plugin_system:Skipping extension 'colcon_notification.desktop_notification.terminal_notifier': Not used on non-Darwin systems
[0.985s] INFO:colcon.colcon_core.plugin_system:Skipping extension 'colcon_notification.desktop_notification.win32': Not used on non-Windows systems
[0.985s] INFO:colcon.colcon_notification.desktop_notification:Sending desktop notification using 'notify2'
[1.001s] DEBUG:colcon.colcon_core.event_reactor:joined thread
[1.002s] INFO:colcon.colcon_core.shell:Creating prefix script '/home/surabhi/scout/install/local_setup.ps1'
[1.003s] INFO:colcon.colcon_core.shell:Creating prefix util module '/home/surabhi/scout/install/_local_setup_util_ps1.py'
[1.004s] INFO:colcon.colcon_core.shell:Creating prefix chain script '/home/surabhi/scout/install/setup.ps1'
[1.022s] INFO:colcon.colcon_core.shell:Creating prefix script '/home/surabhi/scout/install/local_setup.sh'
[1.023s] INFO:colcon.colcon_core.shell:Creating prefix util module '/home/surabhi/scout/install/_local_setup_util_sh.py'
[1.024s] INFO:colcon.colcon_core.shell:Creating prefix chain script '/home/surabhi/scout/install/setup.sh'
[1.040s] INFO:colcon.colcon_core.shell:Creating prefix script '/home/surabhi/scout/install/local_setup.bash'
[1.041s] INFO:colcon.colcon_core.shell:Creating prefix chain script '/home/surabhi/scout/install/setup.bash'
[1.057s] INFO:colcon.colcon_core.shell:Creating prefix script '/home/surabhi/scout/install/local_setup.zsh'
[1.058s] INFO:colcon.colcon_core.shell:Creating prefix chain script '/home/surabhi/scout/install/setup.zsh'
