[0.161s] DEBUG:colcon:Command line arguments: ['/usr/bin/colcon', 'list', '-p', '--base-paths', '/home/surabhi/scout']
[0.161s] DEBUG:colcon:Parsed command line arguments: Namespace(log_base=None, log_level=None, verb_name='list', build_base='build', ignore_user_meta=False, metas=['./colcon.meta'], base_paths=['/home/surabhi/scout'], packages_ignore=None, packages_ignore_regex=None, paths=None, packages_up_to=None, packages_up_to_regex=None, packages_above=None, packages_above_and_dependencies=None, packages_above_depth=None, packages_select_by_dep=None, packages_skip_by_dep=None, packages_skip_up_to=None, packages_select_build_failed=False, packages_skip_build_finished=False, packages_select_test_failures=False, packages_skip_test_passed=False, packages_select=None, packages_skip=None, packages_select_regex=None, packages_skip_regex=None, packages_start=None, packages_end=None, allow_overriding=[], topological_order=False, names_only=False, paths_only=True, topological_graph=False, topological_graph_dot=False, topological_graph_density=False, topological_graph_legend=False, topological_graph_dot_cluster=False, topological_graph_dot_include_skipped=False, mixin_files=None, mixin=None, verb_parser=<colcon_mixin.mixin.mixin_argument.MixinArgumentDecorator object at 0x71ed84642e40>, verb_extension=<colcon_package_information.verb.list.ListVerb object at 0x71ed84642090>, main=<bound method ListVerb.main of <colcon_package_information.verb.list.ListVerb object at 0x71ed84642090>>, mixin_verb=('list',))
[0.219s] Level 1:colcon.colcon_core.package_discovery:discover_packages(colcon_meta) check parameters
[0.219s] Level 1:colcon.colcon_core.package_discovery:discover_packages(recursive) check parameters
[0.219s] Level 1:colcon.colcon_core.package_discovery:discover_packages(ignore) check parameters
[0.219s] Level 1:colcon.colcon_core.package_discovery:discover_packages(path) check parameters
[0.219s] Level 1:colcon.colcon_core.package_discovery:discover_packages(recursive) discover
[0.219s] INFO:colcon.colcon_core.package_discovery:Crawling recursively for packages in '/home/surabhi/scout'
[0.219s] Level 1:colcon.colcon_core.package_identification:_identify(/home/surabhi/scout) by extensions ['ignore', 'ignore_ament_install']
[0.219s] Level 1:colcon.colcon_core.package_identification:_identify(/home/surabhi/scout) by extension 'ignore'
[0.219s] Level 1:colcon.colcon_core.package_identification:_identify(/home/surabhi/scout) by extension 'ignore_ament_install'
[0.219s] Level 1:colcon.colcon_core.package_identification:_identify(/home/surabhi/scout) by extensions ['colcon_pkg']
[0.219s] Level 1:colcon.colcon_core.package_identification:_identify(/home/surabhi/scout) by extension 'colcon_pkg'
[0.219s] Level 1:colcon.colcon_core.package_identification:_identify(/home/surabhi/scout) by extensions ['colcon_meta']
[0.219s] Level 1:colcon.colcon_core.package_identification:_identify(/home/surabhi/scout) by extension 'colcon_meta'
[0.219s] Level 1:colcon.colcon_core.package_identification:_identify(/home/surabhi/scout) by extensions ['ros']
[0.219s] Level 1:colcon.colcon_core.package_identification:_identify(/home/surabhi/scout) by extension 'ros'
[0.249s] Level 1:colcon.colcon_core.package_identification:_identify(/home/surabhi/scout) by extensions ['cargo', 'cmake', 'python']
[0.249s] Level 1:colcon.colcon_core.package_identification:_identify(/home/surabhi/scout) by extension 'cargo'
[0.249s] Level 1:colcon.colcon_core.package_identification:_identify(/home/surabhi/scout) by extension 'cmake'
[0.249s] Level 1:colcon.colcon_core.package_identification:_identify(/home/surabhi/scout) by extension 'python'
[0.250s] Level 1:colcon.colcon_core.package_identification:_identify(/home/surabhi/scout) by extensions ['python_setup_py']
[0.250s] Level 1:colcon.colcon_core.package_identification:_identify(/home/surabhi/scout) by extension 'python_setup_py'
[0.250s] Level 1:colcon.colcon_core.package_identification:_identify(/home/surabhi/scout/build) by extensions ['ignore', 'ignore_ament_install']
[0.250s] Level 1:colcon.colcon_core.package_identification:_identify(/home/surabhi/scout/build) by extension 'ignore'
[0.250s] Level 1:colcon.colcon_core.package_identification:_identify(/home/surabhi/scout/build) ignored
[0.250s] Level 1:colcon.colcon_core.package_identification:_identify(/home/surabhi/scout/install) by extensions ['ignore', 'ignore_ament_install']
[0.250s] Level 1:colcon.colcon_core.package_identification:_identify(/home/surabhi/scout/install) by extension 'ignore'
[0.250s] Level 1:colcon.colcon_core.package_identification:_identify(/home/surabhi/scout/install) ignored
[0.250s] Level 1:colcon.colcon_core.package_identification:_identify(/home/surabhi/scout/log) by extensions ['ignore', 'ignore_ament_install']
[0.250s] Level 1:colcon.colcon_core.package_identification:_identify(/home/surabhi/scout/log) by extension 'ignore'
[0.250s] Level 1:colcon.colcon_core.package_identification:_identify(/home/surabhi/scout/log) ignored
[0.250s] Level 1:colcon.colcon_core.package_identification:_identify(/home/surabhi/scout/src) by extensions ['ignore', 'ignore_ament_install']
[0.250s] Level 1:colcon.colcon_core.package_identification:_identify(/home/surabhi/scout/src) by extension 'ignore'
[0.250s] Level 1:colcon.colcon_core.package_identification:_identify(/home/surabhi/scout/src) by extension 'ignore_ament_install'
[0.250s] Level 1:colcon.colcon_core.package_identification:_identify(/home/surabhi/scout/src) by extensions ['colcon_pkg']
[0.250s] Level 1:colcon.colcon_core.package_identification:_identify(/home/surabhi/scout/src) by extension 'colcon_pkg'
[0.250s] Level 1:colcon.colcon_core.package_identification:_identify(/home/surabhi/scout/src) by extensions ['colcon_meta']
[0.250s] Level 1:colcon.colcon_core.package_identification:_identify(/home/surabhi/scout/src) by extension 'colcon_meta'
[0.250s] Level 1:colcon.colcon_core.package_identification:_identify(/home/surabhi/scout/src) by extensions ['ros']
[0.251s] Level 1:colcon.colcon_core.package_identification:_identify(/home/surabhi/scout/src) by extension 'ros'
[0.251s] Level 1:colcon.colcon_core.package_identification:_identify(/home/surabhi/scout/src) by extensions ['cargo', 'cmake', 'python']
[0.251s] Level 1:colcon.colcon_core.package_identification:_identify(/home/surabhi/scout/src) by extension 'cargo'
[0.251s] Level 1:colcon.colcon_core.package_identification:_identify(/home/surabhi/scout/src) by extension 'cmake'
[0.251s] Level 1:colcon.colcon_core.package_identification:_identify(/home/surabhi/scout/src) by extension 'python'
[0.251s] Level 1:colcon.colcon_core.package_identification:_identify(/home/surabhi/scout/src) by extensions ['python_setup_py']
[0.251s] Level 1:colcon.colcon_core.package_identification:_identify(/home/surabhi/scout/src) by extension 'python_setup_py'
[0.251s] Level 1:colcon.colcon_core.package_identification:_identify(/home/surabhi/scout/src/scout_desc) by extensions ['ignore', 'ignore_ament_install']
[0.251s] Level 1:colcon.colcon_core.package_identification:_identify(/home/surabhi/scout/src/scout_desc) by extension 'ignore'
[0.251s] Level 1:colcon.colcon_core.package_identification:_identify(/home/surabhi/scout/src/scout_desc) by extension 'ignore_ament_install'
[0.251s] Level 1:colcon.colcon_core.package_identification:_identify(/home/surabhi/scout/src/scout_desc) by extensions ['colcon_pkg']
[0.251s] Level 1:colcon.colcon_core.package_identification:_identify(/home/surabhi/scout/src/scout_desc) by extension 'colcon_pkg'
[0.251s] Level 1:colcon.colcon_core.package_identification:_identify(/home/surabhi/scout/src/scout_desc) by extensions ['colcon_meta']
[0.251s] Level 1:colcon.colcon_core.package_identification:_identify(/home/surabhi/scout/src/scout_desc) by extension 'colcon_meta'
[0.251s] Level 1:colcon.colcon_core.package_identification:_identify(/home/surabhi/scout/src/scout_desc) by extensions ['ros']
[0.251s] Level 1:colcon.colcon_core.package_identification:_identify(/home/surabhi/scout/src/scout_desc) by extension 'ros'
[0.253s] DEBUG:colcon.colcon_core.package_identification:Package '/home/surabhi/scout/src/scout_desc' with type 'ros.ament_cmake' and name 'scout_desc'
[0.253s] Level 1:colcon.colcon_core.package_discovery:discover_packages(recursive) using defaults
