-- The C compiler identification is GNU 11.4.0
-- The CXX compiler identification is GNU 11.4.0
-- Detecting C compiler ABI info
-- Detecting C compiler ABI info - done
-- Check for working C compiler: /usr/bin/cc - skipped
-- Detecting C compile features
-- Detecting C compile features - done
-- Detecting CXX compiler ABI info
-- Detecting CXX compiler ABI info - done
-- Check for working CXX compiler: /usr/bin/c++ - skipped
-- Detecting CXX compile features
-- Detecting CXX compile features - done
-- Found ament_cmake: 2.5.2 (/home/surabhi/ros2_jazzy/install/ament_cmake/share/ament_cmake/cmake)
-- Found Python3: /usr/bin/python3 (found version "3.12.3") found components: Interpreter 
-- Found ament_lint_auto: 0.17.1 (/home/surabhi/ros2_jazzy/install/ament_lint_auto/share/ament_lint_auto/cmake)
-- Added test 'flake8' to check Python code syntax and style conventions
-- Configured 'flake8' exclude dirs and/or files: 
-- Added test 'lint_cmake' to check CMake code style
-- Added test 'pep257' to check Python code against some of the docstring style conventions in PEP 257
-- Added test 'xmllint' to check XML markup files
-- Configuring done (2.0s)
-- Generating done (0.0s)
-- Build files have been written to: /home/surabhi/scout/build/scout_desc
-- Install configuration: ""
-- Installing: /home/surabhi/scout/install/scout_desc/share/ament_index/resource_index/package_run_dependencies/scout_desc
-- Installing: /home/surabhi/scout/install/scout_desc/share/ament_index/resource_index/parent_prefix_path/scout_desc
-- Installing: /home/surabhi/scout/install/scout_desc/share/scout_desc/environment/ament_prefix_path.sh
-- Installing: /home/surabhi/scout/install/scout_desc/share/scout_desc/environment/ament_prefix_path.dsv
-- Installing: /home/surabhi/scout/install/scout_desc/share/scout_desc/environment/path.sh
-- Installing: /home/surabhi/scout/install/scout_desc/share/scout_desc/environment/path.dsv
-- Installing: /home/surabhi/scout/install/scout_desc/share/scout_desc/local_setup.bash
-- Installing: /home/surabhi/scout/install/scout_desc/share/scout_desc/local_setup.sh
-- Installing: /home/surabhi/scout/install/scout_desc/share/scout_desc/local_setup.zsh
-- Installing: /home/surabhi/scout/install/scout_desc/share/scout_desc/local_setup.dsv
-- Installing: /home/surabhi/scout/install/scout_desc/share/scout_desc/package.dsv
-- Installing: /home/surabhi/scout/install/scout_desc/share/ament_index/resource_index/packages/scout_desc
-- Installing: /home/surabhi/scout/install/scout_desc/share/scout_desc/cmake/scout_descConfig.cmake
-- Installing: /home/surabhi/scout/install/scout_desc/share/scout_desc/cmake/scout_descConfig-version.cmake
-- Installing: /home/surabhi/scout/install/scout_desc/share/scout_desc/package.xml
